<?xml version="1.0" encoding="UTF-8"?>
<testng-results ignored="0" total="1" passed="1" failed="0" skipped="0">
  <reporter-output>
  </reporter-output>
  <suite started-at="2025-02-02T22:57:16 PST" name="Default suite" finished-at="2025-02-02T22:57:29 PST" duration-ms="13315">
    <groups>
      <group name="cucumber">
        <method signature="AbstractTestNGCucumberTests.runScenario(io.cucumber.testng.PickleWrapper,io.cucumber.testng.FeatureWrapper)[pri:0, instance:runner.TestRunner2@15a04efb]" name="runScenario" class="io.cucumber.testng.AbstractTestNGCucumberTests"/>
      </group> <!-- cucumber -->
    </groups>
    <test started-at="2025-02-02T22:57:16 PST" name="Default test" finished-at="2025-02-02T22:57:29 PST" duration-ms="13315">
      <class name="runner.TestRunner2">
        <test-method is-config="true" signature="setUpClass(org.testng.ITestContext)[pri:0, instance:runner.TestRunner2@15a04efb]" started-at="2025-02-02T22:57:16 PST" name="setUpClass" finished-at="2025-02-02T22:57:17 PST" duration-ms="847" status="PASS">
          <params>
            <param index="0">
              <value>
                <![CDATA[org.testng.TestRunner@47eaf55c]]>
              </value>
            </param>
          </params>
          <reporter-output>
          </reporter-output>
        </test-method> <!-- setUpClass -->
        <test-method signature="runScenario(io.cucumber.testng.PickleWrapper,io.cucumber.testng.FeatureWrapper)[pri:0, instance:runner.TestRunner2@15a04efb]" started-at="2025-02-02T22:57:17 PST" name="runScenario" description="Runs Cucumber Scenarios" data-provider="scenarios" finished-at="2025-02-02T22:57:26 PST" duration-ms="9320" status="PASS">
          <params>
            <param index="0">
              <value>
                <![CDATA["Again-Login and navigate to leave page"]]>
              </value>
            </param>
            <param index="1">
              <value>
                <![CDATA["Again-Login to leave application and apply leave"]]>
              </value>
            </param>
          </params>
          <reporter-output>
          </reporter-output>
        </test-method> <!-- runScenario -->
        <test-method is-config="true" signature="tearDownClass()[pri:0, instance:runner.TestRunner2@15a04efb]" started-at="2025-02-02T22:57:26 PST" name="tearDownClass" finished-at="2025-02-02T22:57:29 PST" duration-ms="3043" status="PASS">
          <reporter-output>
          </reporter-output>
        </test-method> <!-- tearDownClass -->
      </class> <!-- runner.TestRunner2 -->
    </test> <!-- Default test -->
  </suite> <!-- Default suite -->
</testng-results>
